Build started 4/13/2016 10:10:38 AM.
     1>Project "E:\Briefcase\Copyfind Development\Copyfind.4.1.5 Development\Copyfind\Copyfind.vcxproj" on node 2 (Build target(s)).
     1>ClCompile:
         C:\Program Files (x86)\Microsoft Visual Studio 12.0\VC\bin\x86_amd64\CL.exe /c /Zi /nologo /W3 /WX- /O2 /Oi /GL /D WIN32 /D NDEBUG /D _CONSOLE /D _UNICODE /D UNICODE /Gm- /EHsc /MT /GS /Gy /fp:precise /Zc:wchar_t /Zc:forScope /Yc"stdafx.h" /Fp"x64\Release\Copyfind.pch" /Fo"x64\Release\\" /Fd"x64\Release\vc120.pdb" /Gd /TP /errorReport:prompt stdafx.cpp
         stdafx.cpp
         C:\Program Files (x86)\Microsoft Visual Studio 12.0\VC\bin\x86_amd64\CL.exe /c /Zi /nologo /W3 /WX- /O2 /Oi /GL /D WIN32 /D NDEBUG /D _CONSOLE /D _UNICODE /D UNICODE /Gm- /EHsc /MT /GS /Gy /fp:precise /Zc:wchar_t /Zc:forScope /Fo"x64\Release\\" /Fd"x64\Release\vc120.pdb" /Gd /TP /errorReport:prompt clib\CompareDocuments.cpp clib\HeapSort.cpp clib\InputDocument.cpp clib\Words.cpp Copyfind.cpp
         CompareDocuments.cpp
         HeapSort.cpp
         InputDocument.cpp
     1>clib\InputDocument.cpp(945): warning C4267: 'initializing' : conversion from 'size_t' to 'int', possible loss of data
     1>clib\InputDocument.cpp(949): warning C4267: 'initializing' : conversion from 'size_t' to 'int', possible loss of data
     1>clib\InputDocument.cpp(960): warning C4267: 'initializing' : conversion from 'size_t' to 'int', possible loss of data
     1>clib\InputDocument.cpp(962): warning C4267: '=' : conversion from 'size_t' to 'int', possible loss of data
     1>clib\InputDocument.cpp(997): warning C4267: '=' : conversion from 'size_t' to 'uInt', possible loss of data
     1>clib\InputDocument.cpp(998): warning C4267: '=' : conversion from 'size_t' to 'uInt', possible loss of data
     1>clib\InputDocument.cpp(1019): warning C4267: '-=' : conversion from 'size_t' to 'int', possible loss of data
         Words.cpp
     1>clib\Words.cpp(111): warning C4267: '=' : conversion from 'size_t' to 'int', possible loss of data
     1>clib\Words.cpp(129): warning C4267: '=' : conversion from 'size_t' to 'int', possible loss of data
     1>clib\Words.cpp(157): warning C4267: '=' : conversion from 'size_t' to 'int', possible loss of data
     1>clib\Words.cpp(174): warning C4267: '=' : conversion from 'size_t' to 'int', possible loss of data
     1>clib\Words.cpp(186): warning C4267: '=' : conversion from 'size_t' to 'int', possible loss of data
         Copyfind.cpp
     1>Copyfind.cpp(102): warning C4244: '=' : conversion from '__int64' to 'int', possible loss of data
     1>Copyfind.cpp(120): warning C4244: '=' : conversion from '__int64' to 'int', possible loss of data
         C:\Program Files (x86)\Microsoft Visual Studio 12.0\VC\bin\x86_amd64\CL.exe /c /Zi /nologo /W3 /WX- /O2 /Oi /GL /D WIN32 /D NDEBUG /D _CONSOLE /D _UNICODE /D UNICODE /Gm- /EHsc /MT /GS /Gy /fp:precise /Zc:wchar_t /Zc:forScope /Fo"x64\Release\\" /Fd"x64\Release\vc120.pdb" /Gd /TC /errorReport:prompt zlib\adler32.c zlib\crc32.c zlib\inffast.c zlib\inflate.c zlib\inftrees.c zlib\ioapi.c zlib\unzip.c zlib\zutil.c
         adler32.c
         crc32.c
         inffast.c
         inflate.c
         inftrees.c
         ioapi.c
     1>zlib\ioapi.c(121): warning C4267: '=' : conversion from 'size_t' to 'int', possible loss of data
     1>zlib\ioapi.c(123): warning C4996: 'strncpy': This function or variable may be unsafe. Consider using strncpy_s instead. To disable deprecation, use _CRT_SECURE_NO_WARNINGS. See online help for details.
                 C:\Program Files (x86)\Microsoft Visual Studio 12.0\VC\include\string.h(195) : see declaration of 'strncpy'
     1>zlib\ioapi.c(140): warning C4996: 'fopen': This function or variable may be unsafe. Consider using fopen_s instead. To disable deprecation, use _CRT_SECURE_NO_WARNINGS. See online help for details.
                 C:\Program Files (x86)\Microsoft Visual Studio 12.0\VC\include\stdio.h(211) : see declaration of 'fopen'
     1>zlib\ioapi.c(159): warning C4996: 'fopen': This function or variable may be unsafe. Consider using fopen_s instead. To disable deprecation, use _CRT_SECURE_NO_WARNINGS. See online help for details.
                 C:\Program Files (x86)\Microsoft Visual Studio 12.0\VC\include\stdio.h(211) : see declaration of 'fopen'
     1>zlib\ioapi.c(176): warning C4996: 'strncpy': This function or variable may be unsafe. Consider using strncpy_s instead. To disable deprecation, use _CRT_SECURE_NO_WARNINGS. See online help for details.
                 C:\Program Files (x86)\Microsoft Visual Studio 12.0\VC\include\string.h(195) : see declaration of 'strncpy'
     1>zlib\ioapi.c(181): warning C4996: '_snprintf': This function or variable may be unsafe. Consider using _snprintf_s instead. To disable deprecation, use _CRT_SECURE_NO_WARNINGS. See online help for details.
                 C:\Program Files (x86)\Microsoft Visual Studio 12.0\VC\include\stdio.h(346) : see declaration of '_snprintf'
     1>zlib\ioapi.c(201): warning C4996: 'strncpy': This function or variable may be unsafe. Consider using strncpy_s instead. To disable deprecation, use _CRT_SECURE_NO_WARNINGS. See online help for details.
                 C:\Program Files (x86)\Microsoft Visual Studio 12.0\VC\include\string.h(195) : see declaration of 'strncpy'
     1>zlib\ioapi.c(206): warning C4996: '_snprintf': This function or variable may be unsafe. Consider using _snprintf_s instead. To disable deprecation, use _CRT_SECURE_NO_WARNINGS. See online help for details.
                 C:\Program Files (x86)\Microsoft Visual Studio 12.0\VC\include\stdio.h(346) : see declaration of '_snprintf'
         unzip.c
     1>zlib\unzip.c(1363): warning C4244: '=' : conversion from '__int64' to 'uLong', possible loss of data
         zutil.c
       Link:
         C:\Program Files (x86)\Microsoft Visual Studio 12.0\VC\bin\x86_amd64\link.exe /ERRORREPORT:PROMPT /OUT:"E:\Briefcase\Copyfind Development\Copyfind.4.1.5 Development\x64\Release\Copyfind.exe" /INCREMENTAL:NO /NOLOGO /MANIFEST /MANIFESTUAC:"level='asInvoker' uiAccess='false'" /manifest:embed /manifestinput:"C:\Program Files (x86)\Microsoft Visual Studio 12.0\VC\Include\Manifest\dpiaware.manifest" /DEBUG /PDB:"E:\Briefcase\Copyfind Development\Copyfind.4.1.5 Development\x64\Release\Copyfind.pdb" /SUBSYSTEM:CONSOLE /OPT:REF /OPT:ICF /LTCG /TLBID:1 /DYNAMICBASE /NXCOMPAT /IMPLIB:"E:\Briefcase\Copyfind Development\Copyfind.4.1.5 Development\x64\Release\Copyfind.lib" /MACHINE:X64 x64\Release\CompareDocuments.obj
         x64\Release\HeapSort.obj
         x64\Release\InputDocument.obj
         x64\Release\Words.obj
         x64\Release\Copyfind.obj
         x64\Release\stdafx.obj
         x64\Release\adler32.obj
         x64\Release\crc32.obj
         x64\Release\inffast.obj
         x64\Release\inflate.obj
         x64\Release\inftrees.obj
         x64\Release\ioapi.obj
         x64\Release\unzip.obj
         x64\Release\zutil.obj
         Generating code
         Finished generating code
         Copyfind.vcxproj -> E:\Briefcase\Copyfind Development\Copyfind.4.1.5 Development\x64\Release\Copyfind.exe
     1>Done Building Project "E:\Briefcase\Copyfind Development\Copyfind.4.1.5 Development\Copyfind\Copyfind.vcxproj" (Build target(s)).

Build succeeded.

Time Elapsed 00:00:06.58
