Build started 4/13/2016 10:12:31 AM.
     1>Project "E:\Briefcase\Copyfind Development\Copyfind.4.1.5 Development\Copyfind\Copyfind.vcxproj" on node 2 (Build target(s)).
     1>ClCompile:
         C:\Program Files (x86)\Microsoft Visual Studio 12.0\VC\bin\CL.exe /c /Zi /nologo /W3 /WX- /O2 /Oi /Oy- /GL /D WIN32 /D NDEBUG /D _CONSOLE /D _UNICODE /D UNICODE /Gm- /EHsc /MT /GS /Gy /fp:precise /Zc:wchar_t /Zc:forScope /Yc"stdafx.h" /Fp"Release\Copyfind.pch" /Fo"Release\\" /Fd"Release\vc120.pdb" /Gd /TP /analyze- /errorReport:prompt stdafx.cpp
         stdafx.cpp
         C:\Program Files (x86)\Microsoft Visual Studio 12.0\VC\bin\CL.exe /c /Zi /nologo /W3 /WX- /O2 /Oi /Oy- /GL /D WIN32 /D NDEBUG /D _CONSOLE /D _UNICODE /D UNICODE /Gm- /EHsc /MT /GS /Gy /fp:precise /Zc:wchar_t /Zc:forScope /Fo"Release\\" /Fd"Release\vc120.pdb" /Gd /TP /analyze- /errorReport:prompt clib\CompareDocuments.cpp clib\HeapSort.cpp clib\InputDocument.cpp clib\Words.cpp Copyfind.cpp
         CompareDocuments.cpp
         HeapSort.cpp
         InputDocument.cpp
         Words.cpp
         Copyfind.cpp
         C:\Program Files (x86)\Microsoft Visual Studio 12.0\VC\bin\CL.exe /c /Zi /nologo /W3 /WX- /O2 /Oi /Oy- /GL /D WIN32 /D NDEBUG /D _CONSOLE /D _UNICODE /D UNICODE /Gm- /EHsc /MT /GS /Gy /fp:precise /Zc:wchar_t /Zc:forScope /Fo"Release\\" /Fd"Release\vc120.pdb" /Gd /TC /analyze- /errorReport:prompt zlib\adler32.c zlib\crc32.c zlib\inffast.c zlib\inflate.c zlib\inftrees.c zlib\ioapi.c zlib\unzip.c zlib\zutil.c
         adler32.c
         crc32.c
         inffast.c
         inflate.c
         inftrees.c
         ioapi.c
     1>zlib\ioapi.c(123): warning C4996: 'strncpy': This function or variable may be unsafe. Consider using strncpy_s instead. To disable deprecation, use _CRT_SECURE_NO_WARNINGS. See online help for details.
                 C:\Program Files (x86)\Microsoft Visual Studio 12.0\VC\include\string.h(195) : see declaration of 'strncpy'
     1>zlib\ioapi.c(140): warning C4996: 'fopen': This function or variable may be unsafe. Consider using fopen_s instead. To disable deprecation, use _CRT_SECURE_NO_WARNINGS. See online help for details.
                 C:\Program Files (x86)\Microsoft Visual Studio 12.0\VC\include\stdio.h(211) : see declaration of 'fopen'
     1>zlib\ioapi.c(159): warning C4996: 'fopen': This function or variable may be unsafe. Consider using fopen_s instead. To disable deprecation, use _CRT_SECURE_NO_WARNINGS. See online help for details.
                 C:\Program Files (x86)\Microsoft Visual Studio 12.0\VC\include\stdio.h(211) : see declaration of 'fopen'
     1>zlib\ioapi.c(176): warning C4996: 'strncpy': This function or variable may be unsafe. Consider using strncpy_s instead. To disable deprecation, use _CRT_SECURE_NO_WARNINGS. See online help for details.
                 C:\Program Files (x86)\Microsoft Visual Studio 12.0\VC\include\string.h(195) : see declaration of 'strncpy'
     1>zlib\ioapi.c(181): warning C4996: '_snprintf': This function or variable may be unsafe. Consider using _snprintf_s instead. To disable deprecation, use _CRT_SECURE_NO_WARNINGS. See online help for details.
                 C:\Program Files (x86)\Microsoft Visual Studio 12.0\VC\include\stdio.h(346) : see declaration of '_snprintf'
     1>zlib\ioapi.c(201): warning C4996: 'strncpy': This function or variable may be unsafe. Consider using strncpy_s instead. To disable deprecation, use _CRT_SECURE_NO_WARNINGS. See online help for details.
                 C:\Program Files (x86)\Microsoft Visual Studio 12.0\VC\include\string.h(195) : see declaration of 'strncpy'
     1>zlib\ioapi.c(206): warning C4996: '_snprintf': This function or variable may be unsafe. Consider using _snprintf_s instead. To disable deprecation, use _CRT_SECURE_NO_WARNINGS. See online help for details.
                 C:\Program Files (x86)\Microsoft Visual Studio 12.0\VC\include\stdio.h(346) : see declaration of '_snprintf'
         unzip.c
         zutil.c
       Link:
         C:\Program Files (x86)\Microsoft Visual Studio 12.0\VC\bin\link.exe /ERRORREPORT:PROMPT /OUT:"E:\Briefcase\Copyfind Development\Copyfind.4.1.5 Development\Release\Copyfind.exe" /INCREMENTAL:NO /NOLOGO /MANIFEST /MANIFESTUAC:"level='asInvoker' uiAccess='false'" /manifest:embed /manifestinput:"C:\Program Files (x86)\Microsoft Visual Studio 12.0\VC\Include\Manifest\dpiaware.manifest" /DEBUG /PDB:"E:\Briefcase\Copyfind Development\Copyfind.4.1.5 Development\Release\Copyfind.pdb" /SUBSYSTEM:CONSOLE /OPT:REF /OPT:ICF /LTCG /TLBID:1 /DYNAMICBASE /NXCOMPAT /IMPLIB:"E:\Briefcase\Copyfind Development\Copyfind.4.1.5 Development\Release\Copyfind.lib" /MACHINE:X86 /SAFESEH Release\CompareDocuments.obj
         Release\HeapSort.obj
         Release\InputDocument.obj
         Release\Words.obj
         Release\Copyfind.obj
         Release\stdafx.obj
         Release\adler32.obj
         Release\crc32.obj
         Release\inffast.obj
         Release\inflate.obj
         Release\inftrees.obj
         Release\ioapi.obj
         Release\unzip.obj
         Release\zutil.obj
         Generating code
         Finished generating code
         Copyfind.vcxproj -> E:\Briefcase\Copyfind Development\Copyfind.4.1.5 Development\Release\Copyfind.exe
     1>Done Building Project "E:\Briefcase\Copyfind Development\Copyfind.4.1.5 Development\Copyfind\Copyfind.vcxproj" (Build target(s)).

Build succeeded.

Time Elapsed 00:00:05.98
